<?xml version="1.0" encoding="UTF-8"?>
<testsuite xmlns:xsi="http://www.w3.org/2001/XMLSchema-instance" xsi:noNamespaceSchemaLocation="https://maven.apache.org/surefire/maven-surefire-plugin/xsd/surefire-test-report-3.0.xsd" version="3.0" name="com.coolfunclub.dms.test.CarRepositoryTest" time="3.608" tests="1" errors="0" skipped="0" failures="0">
  <properties>
[...]
</properties>
  <testcase name="CarRepository_SaveAll_ReturnSavedCar" classname="com.coolfunclub.dms.test.CarRepositoryTest" time="0.281">
    <system-out><![CDATA[2023-11-30T01:43:26.317Z  INFO 1985925 --- [           main] t.c.s.AnnotationConfigContextLoaderUtils : Could not detect default configuration classes for test class [com.coolfunclub.dms.test.CarRepositoryTest]: CarRepositoryTest does not declare any static, non-private, non-final, nested classes annotated with @Configuration.
2023-11-30T01:43:26.361Z  INFO 1985925 --- [           main] .b.t.c.SpringBootTestContextBootstrapper : Found @SpringBootConfiguration com.coolfunclub.dms.DmsApplication for test class com.coolfunclub.dms.test.CarRepositoryTest

  .   ____          _            __ _ _
 /\\ / ___'_ __ _ _(_)_ __  __ _ \ \ \ \
( ( )\___ | '_ | '_| | '_ \/ _` | \ \ \ \
 \\/  ___)| |_)| | | | | || (_| |  ) ) ) )
  '  |____| .__|_| |_|_| |_\__, | / / / /
 =========|_|==============|___/=/_/_/_/
 :: Spring Boot ::                (v3.1.3)

2023-11-30T01:43:26.502Z  INFO 1985925 --- [           main] c.c.dms.test.CarRepositoryTest           : Starting CarRepositoryTest using Java 17.0.8.1 with PID 1985925 (started by ec2-user in /home/ec2-user/dms/dms)
2023-11-30T01:43:26.503Z  INFO 1985925 --- [           main] c.c.dms.test.CarRepositoryTest           : No active profile set, falling back to 1 default profile: "default"
2023-11-30T01:43:26.886Z  INFO 1985925 --- [           main] .s.d.r.c.RepositoryConfigurationDelegate : Bootstrapping Spring Data JPA repositories in DEFAULT mode.
2023-11-30T01:43:26.967Z  INFO 1985925 --- [           main] .s.d.r.c.RepositoryConfigurationDelegate : Finished Spring Data repository scanning in 80 ms. Found 9 JPA repository interfaces.
2023-11-30T01:43:27.055Z  INFO 1985925 --- [           main] beddedDataSourceBeanFactoryPostProcessor : Replacing 'dataSource' DataSource bean with embedded version
2023-11-30T01:43:27.161Z  INFO 1985925 --- [           main] o.s.j.d.e.EmbeddedDatabaseFactory        : Starting embedded database: url='jdbc:h2:mem:ddef0c55-46a0-41db-aaa7-04928b8452e9;DB_CLOSE_DELAY=-1;DB_CLOSE_ON_EXIT=false', username='sa'
2023-11-30T01:43:27.278Z  INFO 1985925 --- [           main] o.hibernate.jpa.internal.util.LogHelper  : HHH000204: Processing PersistenceUnitInfo [name: default]
2023-11-30T01:43:27.322Z  INFO 1985925 --- [           main] o.h.b.i.BytecodeProviderInitiator        : HHH000021: Bytecode provider name : bytebuddy
2023-11-30T01:43:27.323Z  INFO 1985925 --- [           main] o.s.o.j.p.SpringPersistenceUnitInfo      : No LoadTimeWeaver setup: ignoring JPA class transformer
2023-11-30T01:43:27.490Z  INFO 1985925 --- [           main] o.h.b.i.BytecodeProviderInitiator        : HHH000021: Bytecode provider name : bytebuddy
2023-11-30T01:43:28.219Z  INFO 1985925 --- [           main] o.h.e.t.j.p.i.JtaPlatformInitiator       : HHH000490: Using JtaPlatform implementation: [org.hibernate.engine.transaction.jta.platform.internal.NoJtaPlatform]
Hibernate: create table account (id bigint generated by default as identity, close_date timestamp(6), open_date timestamp(6), pw varchar(255), status varchar(255), user_name varchar(255), primary key (id))
Hibernate: create table car (vin varchar(255) not null, car_year integer not null, color varchar(255), manufacturer varchar(255), mileage integer not null, model varchar(255), price float(53) not null, status varchar(255), trim varchar(255), primary key (vin))
Hibernate: create table car_images (car_vin varchar(255) not null, image_id bigint not null, primary key (car_vin, image_id))
Hibernate: create table customers (m_driver_licenseid varchar(255) not null, m_address varchar(255), m_date_birth varchar(255), m_email varchar(255), m_first_name varchar(255), m_gender varchar(255), m_last_name varchar(255), m_phone integer, account_id bigint, primary key (m_driver_licenseid))
Hibernate: create table finance (down_pay float(53) not null, interest_rate float(53) not null, term float(53) not null, purid bigint not null, primary key (purid))
Hibernate: create table full_purchase (total_paid float(53) not null, purid bigint not null, primary key (purid))
Hibernate: create table image (id bigint generated by default as identity, name varchar(255), url varchar(255), primary key (id))
Hibernate: create table managers (mssn integer not null, m_address varchar(255), m_date_birth varchar(255), m_email varchar(255), m_first_name varchar(255), m_gender varchar(255), m_last_name varchar(255), m_phone integer, account_id bigint, primary key (mssn))
Hibernate: create table purchase (purid bigint generated by default as identity, pur_date timestamp(6), registration_fee float(53) not null, tax float(53) not null, account_id bigint, car_vin varchar(255), primary key (purid))
Hibernate: create table sales_rep (mssn integer not null, m_address varchar(255), m_date_birth varchar(255), m_email varchar(255), m_first_name varchar(255), m_gender varchar(255), m_last_name varchar(255), m_phone integer, account_id bigint, primary key (mssn))
Hibernate: alter table if exists customers drop constraint if exists UK_4njtl3pvfduamug24b9qmpy0x
Hibernate: alter table if exists customers add constraint UK_4njtl3pvfduamug24b9qmpy0x unique (account_id)
Hibernate: alter table if exists managers drop constraint if exists UK_cqqf5sqbxnd2cinrfa4gataat
Hibernate: alter table if exists managers add constraint UK_cqqf5sqbxnd2cinrfa4gataat unique (account_id)
Hibernate: alter table if exists purchase drop constraint if exists UK_l0oe8b4045n9x42la6cfx182v
Hibernate: alter table if exists purchase add constraint UK_l0oe8b4045n9x42la6cfx182v unique (car_vin)
Hibernate: alter table if exists sales_rep drop constraint if exists UK_90gmt3cksg8wh0sb71q71o894
Hibernate: alter table if exists sales_rep add constraint UK_90gmt3cksg8wh0sb71q71o894 unique (account_id)
Hibernate: alter table if exists car_images add constraint FKdhik6n2ad2igi0kvl65v1u36y foreign key (image_id) references image
Hibernate: alter table if exists car_images add constraint FK1ild18m2amgkht85889a7diar foreign key (car_vin) references car
Hibernate: alter table if exists customers add constraint FKsrdrlm9qxopan7pqism3sf5a5 foreign key (account_id) references account
Hibernate: alter table if exists finance add constraint FK8po9i7jtd7ymd9sqlv8otcmlm foreign key (purid) references purchase
Hibernate: alter table if exists full_purchase add constraint FKciskw0cichk23n1kb9gaomy00 foreign key (purid) references purchase
Hibernate: alter table if exists managers add constraint FKnw8kyv6oj7jnpla7rkuahdl11 foreign key (account_id) references account
Hibernate: alter table if exists purchase add constraint FKj4nqpwiw7s85ps78eghvnlaeh foreign key (account_id) references account
Hibernate: alter table if exists purchase add constraint FK36lfgqo8xatgp22dm6o0ciwqs foreign key (car_vin) references car
Hibernate: alter table if exists sales_rep add constraint FKjpnyqawotrlre6995dkfpqsry foreign key (account_id) references account
2023-11-30T01:43:28.330Z  INFO 1985925 --- [           main] j.LocalContainerEntityManagerFactoryBean : Initialized JPA EntityManagerFactory for persistence unit 'default'
2023-11-30T01:43:29.579Z  INFO 1985925 --- [           main] c.c.dms.test.CarRepositoryTest           : Started CarRepositoryTest in 3.213 seconds (process running for 21.751)
Hibernate: select c1_0.vin,c1_0.car_year,c1_0.color,c1_0.manufacturer,c1_0.mileage,c1_0.model,c1_0.price,c1_0.status,c1_0.trim from car c1_0 where c1_0.vin=?
]]></system-out>
  </testcase>
</testsuite>