<?xml version="1.0" encoding="UTF-8"?>
<testsuite xmlns:xsi="http://www.w3.org/2001/XMLSchema-instance" xsi:noNamespaceSchemaLocation="https://maven.apache.org/surefire/maven-surefire-plugin/xsd/surefire-test-report-3.0.xsd" version="3.0" name="com.coolfunclub.dms.test.CarTest" time="3.291" tests="3" errors="0" skipped="0" failures="0">
  <properties>
[...]
</properties>
  <testcase name="contextLoads" classname="com.coolfunclub.dms.test.CarTest" time="0.191">
    <system-out><![CDATA[2023-11-30T01:43:22.954Z  INFO 1985925 --- [           main] t.c.s.AnnotationConfigContextLoaderUtils : Could not detect default configuration classes for test class [com.coolfunclub.dms.test.CarTest]: CarTest does not declare any static, non-private, non-final, nested classes annotated with @Configuration.
2023-11-30T01:43:23.088Z  INFO 1985925 --- [           main] .b.t.c.SpringBootTestContextBootstrapper : Found @SpringBootConfiguration com.coolfunclub.dms.DmsApplication for test class com.coolfunclub.dms.test.CarTest

  .   ____          _            __ _ _
 /\\ / ___'_ __ _ _(_)_ __  __ _ \ \ \ \
( ( )\___ | '_ | '_| | '_ \/ _` | \ \ \ \
 \\/  ___)| |_)| | | | | || (_| |  ) ) ) )
  '  |____| .__|_| |_|_| |_\__, | / / / /
 =========|_|==============|___/=/_/_/_/
 :: Spring Boot ::                (v3.1.3)

2023-11-30T01:43:23.810Z  INFO 1985925 --- [           main] com.coolfunclub.dms.test.CarTest         : Starting CarTest using Java 17.0.8.1 with PID 1985925 (started by ec2-user in /home/ec2-user/dms/dms)
2023-11-30T01:43:23.810Z  INFO 1985925 --- [           main] com.coolfunclub.dms.test.CarTest         : No active profile set, falling back to 1 default profile: "default"
2023-11-30T01:43:25.400Z  INFO 1985925 --- [           main] o.s.b.t.m.w.SpringBootMockServletContext : Initializing Spring TestDispatcherServlet ''
2023-11-30T01:43:25.401Z  INFO 1985925 --- [           main] o.s.t.web.servlet.TestDispatcherServlet  : Initializing Servlet ''
2023-11-30T01:43:25.416Z  INFO 1985925 --- [           main] o.s.t.web.servlet.TestDispatcherServlet  : Completed initialization in 1 ms
2023-11-30T01:43:25.450Z  INFO 1985925 --- [           main] com.coolfunclub.dms.test.CarTest         : Started CarTest in 1.853 seconds (process running for 17.623)
]]></system-out>
  </testcase>
  <testcase name="serviceReturnsAllCars" classname="com.coolfunclub.dms.test.CarTest" time="0.48">
    <system-out><![CDATA[
MockHttpServletRequest:
      HTTP Method = GET
      Request URI = /cars
       Parameters = {}
          Headers = []
             Body = null
    Session Attrs = {}

Handler:
             Type = com.coolfunclub.dms.web.controller.CarController
           Method = com.coolfunclub.dms.web.controller.CarController#getCars()

Async:
    Async started = false
     Async result = null

Resolved Exception:
             Type = null

ModelAndView:
        View name = null
             View = null
            Model = null

FlashMap:
       Attributes = null

MockHttpServletResponse:
           Status = 200
    Error message = null
          Headers = [Vary:"Origin", "Access-Control-Request-Method", "Access-Control-Request-Headers", Content-Type:"application/json"]
     Content type = application/json
             Body = [{"vin":"123","manufacturer":"Toyota","model":"Camry","carYear":2003,"mileage":333,"trim":"none","color":"red","status":"in stock","price":900.5,"images":[]}]
    Forwarded URL = null
   Redirected URL = null
          Cookies = []
]]></system-out>
  </testcase>
  <testcase name="testGetCarByVin" classname="com.coolfunclub.dms.test.CarTest" time="0.029"/>
</testsuite>